[INFO] Downloading grub-efi-amd64 ...
[INFO] grub-efi-amd64 downloaded successfully.
[INFO] Downloading efibootmgr ...
[INFO] efibootmgr downloaded successfully.
[INFO] Downloading grub-pc ...
[INFO] grub-pc downloaded successfully.
[INFO] Downloading yubikey-luks ...
[INFO] yubikey-luks already downloaded. Skipping.
[INFO] Downloading yubikey-manager ...
[INFO] yubikey-manager already downloaded. Skipping.
[INFO] Downloading libpam-yubico ...
[INFO] libpam-yubico downloaded successfully.
[INFO] Downloading ykcs11 ...
[INFO] ykcs11 downloaded successfully.
[INFO] Downloading libykpers-1-1 ...
[INFO] libykpers-1-1 already downloaded. Skipping.
[INFO] Downloading libyubikey0 ...
[INFO] libyubikey0 already downloaded. Skipping.
[INFO] Downloading pcscd ...
[INFO] pcscd downloaded successfully.
[INFO] Downloading proxmox-ve ...
E: Unable to locate package proxmox-ve
[ERROR] Failed to download proxmox-ve. Check download_debs.log for details.
[INFO] Downloading postfix ...
[INFO] postfix downloaded successfully.
[INFO] Downloading open-iscsi ...
[INFO] open-iscsi downloaded successfully.
[INFO] Downloading zfsutils-linux ...
[INFO] zfsutils-linux downloaded successfully.
[INFO] Downloading cryptsetup-bin ...
[INFO] cryptsetup-bin downloaded successfully.
[INFO] Downloading debootstrap ...
[INFO] debootstrap downloaded successfully.
[INFO] Downloading wget ...
[INFO] wget downloaded successfully.
[INFO] Downloading curl ...
[INFO] curl downloaded successfully.
[INFO] Downloading gdisk ...
[INFO] gdisk downloaded successfully.
[INFO] Downloading rsync ...
[INFO] rsync downloaded successfully.
[INFO] Downloading usbutils ...
[INFO] usbutils downloaded successfully.
[INFO] grub-efi-amd64 already downloaded. Skipping.
[INFO] efibootmgr already downloaded. Skipping.
[INFO] grub-pc already downloaded. Skipping.
[INFO] yubikey-luks already downloaded. Skipping.
[INFO] yubikey-manager already downloaded. Skipping.
[INFO] libpam-yubico already downloaded. Skipping.
[INFO] ykcs11 already downloaded. Skipping.
[INFO] libykpers-1-1 already downloaded. Skipping.
[INFO] libyubikey0 already downloaded. Skipping.
[INFO] pcscd already downloaded. Skipping.
[INFO] postfix already downloaded. Skipping.
[INFO] open-iscsi already downloaded. Skipping.
[INFO] zfsutils-linux already downloaded. Skipping.
[INFO] cryptsetup-bin already downloaded. Skipping.
[INFO] debootstrap already downloaded. Skipping.
[INFO] wget already downloaded. Skipping.
[INFO] curl already downloaded. Skipping.
[INFO] gdisk already downloaded. Skipping.
[INFO] rsync already downloaded. Skipping.
[INFO] usbutils already downloaded. Skipping.
