[INFO]  Proxmox detected, using apt options: --no-install-recommends
[INFO]  Ensuring packages are installed: htop
[INFO]  Proxmox detected. Filtering core Proxmox packages from installation list.
[INFO]  Packages to process after Proxmox filter: htop
[INFO]  All required packages are already installed.
[INFO]  Proxmox detected, using apt options: --no-install-recommends
[INFO]  Ensuring packages are installed: htop
[INFO]  Proxmox detected. Filtering core Proxmox packages from installation list.
[INFO]  Packages to process after Proxmox filter: htop
[INFO]  All required packages are already installed.
[INFO]  Proxmox detected, using apt options: --no-install-recommends
[INFO]  Ensuring packages are installed: htop
[INFO]  Proxmox detected. Filtering core Proxmox packages from installation list.
[INFO]  Packages to process after Proxmox filter: htop
[INFO]  All required packages are already installed.
[INFO]  Proxmox detected, using apt options: --no-install-recommends
[INFO]  Ensuring packages are installed: htop
[INFO]  Proxmox detected. Filtering core Proxmox packages from installation list.
[INFO]  Packages to process after Proxmox filter: htop
[INFO]  All required packages are already installed.
[INFO]  Proxmox detected, using apt options: --no-install-recommends
[INFO]  Ensuring packages are installed: htop
[INFO]  Proxmox detected. Filtering core Proxmox packages from installation list.
[INFO]  Packages to process after Proxmox filter: htop
[INFO]  All required packages are already installed.
[INFO]  Proxmox detected, using apt options: --no-install-recommends
[INFO]  Ensuring packages are installed: htop
[INFO]  Proxmox detected. Filtering core Proxmox packages from installation list.
[INFO]  Packages to process after Proxmox filter: htop
[INFO]  All required packages are already installed.
[INFO]  Proxmox detected, using apt options: --no-install-recommends
[INFO]  Ensuring packages are installed: htop
[INFO]  Proxmox detected. Filtering core Proxmox packages from installation list.
[INFO]  Packages to process after Proxmox filter: htop
[INFO]  All required packages are already installed.
[INFO]  Proxmox detected, using apt options: --no-install-recommends
[INFO]  Ensuring packages are installed: htop
[INFO]  Proxmox detected. Filtering core Proxmox packages from installation list.
[INFO]  Packages to process after Proxmox filter: htop
[INFO]  All required packages are already installed.
[INFO]  Proxmox detected, using apt options: --no-install-recommends
[INFO]  Ensuring packages are installed: htop
[INFO]  Proxmox detected. Filtering core Proxmox packages from installation list.
[INFO]  Packages to process after Proxmox filter: htop
[INFO]  All required packages are already installed.
[INFO]  Proxmox detected, using apt options: --no-install-recommends
[INFO]  Ensuring packages are installed: htop
[INFO]  Proxmox detected. Filtering core Proxmox packages from installation list.
[INFO]  Packages to process after Proxmox filter: htop
[INFO]  All required packages are already installed.
[INFO]  Proxmox detected, using apt options: --no-install-recommends
[INFO]  Ensuring packages are installed: htop
[INFO]  Proxmox detected. Filtering core Proxmox packages from installation list.
[INFO]  Packages to process after Proxmox filter: htop
[INFO]  All required packages are already installed.
[INFO]  Proxmox detected, using apt options: --no-install-recommends
[INFO]  Ensuring packages are installed: htop
[INFO]  Proxmox detected. Filtering core Proxmox packages from installation list.
[INFO]  Packages to process after Proxmox filter: htop
[INFO]  All required packages are already installed.
[INFO]  Proxmox detected, using apt options: --no-install-recommends
[INFO]  Ensuring packages are installed: htop
[INFO]  Proxmox detected. Filtering core Proxmox packages from installation list.
[INFO]  Packages to process after Proxmox filter: htop
[INFO]  All required packages are already installed.
[INFO]  Proxmox detected, using apt options: --no-install-recommends
[INFO]  Ensuring packages are installed: htop
[INFO]  Proxmox detected. Filtering core Proxmox packages from installation list.
[INFO]  Packages to process after Proxmox filter: htop
[INFO]  All required packages are already installed.
[INFO]  Proxmox detected, using apt options: --no-install-recommends
[INFO]  Ensuring packages are installed: htop curl
[INFO]  Proxmox detected. Filtering core Proxmox packages from installation list.
[INFO]  Packages to process after Proxmox filter: htop curl
[INFO]  All required packages are already installed.
[INFO]  Ensuring packages are installed: htop curl
[INFO]  All required packages are already installed.
[INFO]  Ensuring packages are installed: htop curl
[INFO]  All required packages are already installed.
[INFO]  Ensuring packages are installed: htop curl
[INFO]  All required packages are already installed.
[INFO]  Populating offline cache with: figlet ncat
[DEBUG] Applying temporary Proxmox APT configuration...
[DEBUG] Created temporary Proxmox sources at /etc/apt/sources.list.d/proxmox-installer-temp.list
[DEBUG] Downloading GPG key from https://enterprise.proxmox.com/debian/proxmox-release-bookworm.gpg to /etc/apt/trusted.gpg.d/proxmox-installer-temp-key.gpg
[INFO]  Proxmox GPG key downloaded and placed as proxmox-installer-temp-key.gpg.
[DEBUG] Created temporary Proxmox preferences at /etc/apt/preferences.d/proxmox-installer-temp.pref
[INFO]  Temporary Proxmox APT configuration applied.
Hit:1 http://download.proxmox.com/debian/pve bookworm InRelease
Hit:2 http://security.debian.org/debian-security bookworm-security InRelease
Hit:3 http://ftp.debian.org/debian bookworm InRelease
Get:4 http://ftp.debian.org/debian bookworm-updates InRelease [55.4 kB]
Fetched 55.4 kB in 1s (53.1 kB/s)
Reading package lists...
W: Target Packages (pve-no-subscription/binary-amd64/Packages) is configured multiple times in /etc/apt/sources.list:8 and /etc/apt/sources.list.d/proxmox-installer-temp.list:1
W: Target Packages (pve-no-subscription/binary-i386/Packages) is configured multiple times in /etc/apt/sources.list:8 and /etc/apt/sources.list.d/proxmox-installer-temp.list:1
W: Target Packages (pve-no-subscription/binary-all/Packages) is configured multiple times in /etc/apt/sources.list:8 and /etc/apt/sources.list.d/proxmox-installer-temp.list:1
W: Target Translations (pve-no-subscription/i18n/Translation-en_US) is configured multiple times in /etc/apt/sources.list:8 and /etc/apt/sources.list.d/proxmox-installer-temp.list:1
W: Target Translations (pve-no-subscription/i18n/Translation-en) is configured multiple times in /etc/apt/sources.list:8 and /etc/apt/sources.list.d/proxmox-installer-temp.list:1
W: Target Contents-deb (pve-no-subscription/Contents-amd64) is configured multiple times in /etc/apt/sources.list:8 and /etc/apt/sources.list.d/proxmox-installer-temp.list:1
W: Target Contents-deb (pve-no-subscription/Contents-i386) is configured multiple times in /etc/apt/sources.list:8 and /etc/apt/sources.list.d/proxmox-installer-temp.list:1
W: Target Contents-deb (pve-no-subscription/Contents-all) is configured multiple times in /etc/apt/sources.list:8 and /etc/apt/sources.list.d/proxmox-installer-temp.list:1
W: Target Packages (pve-no-subscription/binary-amd64/Packages) is configured multiple times in /etc/apt/sources.list:8 and /etc/apt/sources.list.d/proxmox-installer-temp.list:1
W: Target Packages (pve-no-subscription/binary-i386/Packages) is configured multiple times in /etc/apt/sources.list:8 and /etc/apt/sources.list.d/proxmox-installer-temp.list:1
W: Target Packages (pve-no-subscription/binary-all/Packages) is configured multiple times in /etc/apt/sources.list:8 and /etc/apt/sources.list.d/proxmox-installer-temp.list:1
W: Target Translations (pve-no-subscription/i18n/Translation-en_US) is configured multiple times in /etc/apt/sources.list:8 and /etc/apt/sources.list.d/proxmox-installer-temp.list:1
W: Target Translations (pve-no-subscription/i18n/Translation-en) is configured multiple times in /etc/apt/sources.list:8 and /etc/apt/sources.list.d/proxmox-installer-temp.list:1
W: Target Contents-deb (pve-no-subscription/Contents-amd64) is configured multiple times in /etc/apt/sources.list:8 and /etc/apt/sources.list.d/proxmox-installer-temp.list:1
W: Target Contents-deb (pve-no-subscription/Contents-i386) is configured multiple times in /etc/apt/sources.list:8 and /etc/apt/sources.list.d/proxmox-installer-temp.list:1
W: Target Contents-deb (pve-no-subscription/Contents-all) is configured multiple times in /etc/apt/sources.list:8 and /etc/apt/sources.list.d/proxmox-installer-temp.list:1
[INFO]  Attempting to download figlet and its dependencies...
Reading package lists...
Building dependency tree...
Reading state information...
The following NEW packages will be installed:
  figlet
0 upgraded, 1 newly installed, 0 to remove and 1 not upgraded.
Need to get 137 kB of archives.
After this operation, 757 kB of additional disk space will be used.
Get:1 http://ftp.debian.org/debian bookworm/main amd64 figlet amd64 2.2.5-3+b1 [137 kB]
Fetched 137 kB in 0s (916 kB/s)
Download complete and in download only mode
[INFO]  Successfully processed download for figlet.
[INFO]  Attempting to download ncat and its dependencies...
Reading package lists...
Building dependency tree...
Reading state information...
The following NEW packages will be installed:
  ncat
0 upgraded, 1 newly installed, 0 to remove and 1 not upgraded.
Need to get 384 kB of archives.
After this operation, 545 kB of additional disk space will be used.
Get:1 http://ftp.debian.org/debian bookworm/main amd64 ncat amd64 7.93+dfsg1-1 [384 kB]
Fetched 384 kB in 0s (1,017 kB/s)
Download complete and in download only mode
[INFO]  Successfully processed download for ncat.
[INFO]  Offline cache now contains 3 files in /home/demo/Documents/LUKS2-ON-PROXMOX-ZFS-Native/debs
[DEBUG] Cleaning up temporary APT configuration files...
[DEBUG] Removed temporary Proxmox sources file: /etc/apt/sources.list.d/proxmox-installer-temp.list
[DEBUG] Removed temporary Proxmox GPG key: /etc/apt/trusted.gpg.d/proxmox-installer-temp-key.gpg
[DEBUG] Removed temporary Proxmox preferences file: /etc/apt/preferences.d/proxmox-installer-temp.pref
[INFO]  Temporary APT files removed. Running apt-get update to refresh state...
[DEBUG] Cleaning up temporary APT configuration files...
[DEBUG] No temporary APT files found to remove.
[DEBUG] Entering function: prepare_installer_debs
[DEBUG] Exiting function: prepare_installer_debs
[INFO][2025-06-09 07:24:51] Package management: Forcing PROXMOX_ZFS_DETECTED=true to always skip GRUB and core ZFS packages
[INFO][2025-06-09 07:24:51] Proxmox environment detected. Adjusting BASE_PACKAGES to exclude GRUB.
[INFO][2025-06-09 07:24:51] Proxmox environment detected. ZFS packages will be managed by Proxmox.
[DEBUG] Entering function: prepare_installer_debs
[DEBUG] Exiting function: prepare_installer_debs
[INFO][2025-06-09 07:24:55] Package management: Forcing PROXMOX_ZFS_DETECTED=true to always skip GRUB and core ZFS packages
[INFO][2025-06-09 07:24:55] Proxmox environment detected. Adjusting BASE_PACKAGES to exclude GRUB.
[INFO][2025-06-09 07:24:55] Proxmox environment detected. ZFS packages will be managed by Proxmox.
[DEBUG] Entering function: prepare_installer_debs
[DEBUG] Preparing 26 packages: cryptsetup-bin cryptsetup-run curl debootstrap efibootmgr gdisk libpam-yubico libykpers-1-1 libyubikey0 libyubikey-udev open-iscsi pcscd postfix pv python3-click python3-cryptography python3-fido2 python3-full python3-ykman rsync usbutils wget ykcs11 yubikey-luks yubikey-manager yubikey-personalization
[INFO]  Populating offline cache with: cryptsetup-bin cryptsetup-run curl debootstrap efibootmgr gdisk libpam-yubico libykpers-1-1 libyubikey0 libyubikey-udev open-iscsi pcscd postfix pv python3-click python3-cryptography python3-fido2 python3-full python3-ykman rsync usbutils wget ykcs11 yubikey-luks yubikey-manager yubikey-personalization
[DEBUG] Applying temporary Proxmox APT configuration...
[DEBUG] Created temporary Proxmox sources at /etc/apt/sources.list.d/proxmox-installer-temp.list
[DEBUG] Downloading GPG key from https://enterprise.proxmox.com/debian/proxmox-release-bookworm.gpg to /etc/apt/trusted.gpg.d/proxmox-installer-temp-key.gpg
[ERROR] Failed to download Proxmox GPG key from https://enterprise.proxmox.com/debian/proxmox-release-bookworm.gpg.
[ERROR] Failed to set up temporary Proxmox APT configuration. Aborting cache population.
[ERROR] Failed to download packages. Check logs for details.
[DEBUG] Cleaning up temporary APT configuration files...
[DEBUG] No temporary APT files found to remove.
[INFO][2025-06-09 07:25:42] Package management: Forcing PROXMOX_ZFS_DETECTED=true to always skip GRUB and core ZFS packages
[INFO][2025-06-09 07:25:42] Proxmox environment detected. Adjusting BASE_PACKAGES to exclude GRUB.
[INFO][2025-06-09 07:25:42] Proxmox environment detected. ZFS packages will be managed by Proxmox.
[DEBUG] Entering function: prepare_installer_debs
[DEBUG] Preparing 26 packages: cryptsetup-bin cryptsetup-run curl debootstrap efibootmgr gdisk libpam-yubico libykpers-1-1 libyubikey0 libyubikey-udev open-iscsi pcscd postfix pv python3-click python3-cryptography python3-fido2 python3-full python3-ykman rsync usbutils wget ykcs11 yubikey-luks yubikey-manager yubikey-personalization
[INFO]  Populating offline cache with: cryptsetup-bin cryptsetup-run curl debootstrap efibootmgr gdisk libpam-yubico libykpers-1-1 libyubikey0 libyubikey-udev open-iscsi pcscd postfix pv python3-click python3-cryptography python3-fido2 python3-full python3-ykman rsync usbutils wget ykcs11 yubikey-luks yubikey-manager yubikey-personalization
[DEBUG] Applying temporary Proxmox APT configuration...
[DEBUG] Created temporary Proxmox sources at /etc/apt/sources.list.d/proxmox-installer-temp.list
[DEBUG] Downloading GPG key from https://enterprise.proxmox.com/debian/proxmox-release-bookworm.gpg to /etc/apt/trusted.gpg.d/proxmox-installer-temp-key.gpg
[INFO]  Proxmox GPG key downloaded and placed as proxmox-installer-temp-key.gpg.
[DEBUG] Created temporary Proxmox preferences at /etc/apt/preferences.d/proxmox-installer-temp.pref
[INFO]  Temporary Proxmox APT configuration applied.
Hit:1 http://download.proxmox.com/debian/pve bookworm InRelease
Hit:2 http://ftp.debian.org/debian bookworm InRelease
Get:3 http://security.debian.org/debian-security bookworm-security InRelease [48.0 kB]
Hit:4 http://ftp.debian.org/debian bookworm-updates InRelease
Fetched 48.0 kB in 1s (51.2 kB/s)
Reading package lists...
W: Target Packages (pve-no-subscription/binary-amd64/Packages) is configured multiple times in /etc/apt/sources.list:8 and /etc/apt/sources.list.d/proxmox-installer-temp.list:1
W: Target Packages (pve-no-subscription/binary-i386/Packages) is configured multiple times in /etc/apt/sources.list:8 and /etc/apt/sources.list.d/proxmox-installer-temp.list:1
W: Target Packages (pve-no-subscription/binary-all/Packages) is configured multiple times in /etc/apt/sources.list:8 and /etc/apt/sources.list.d/proxmox-installer-temp.list:1
W: Target Translations (pve-no-subscription/i18n/Translation-en_US) is configured multiple times in /etc/apt/sources.list:8 and /etc/apt/sources.list.d/proxmox-installer-temp.list:1
W: Target Translations (pve-no-subscription/i18n/Translation-en) is configured multiple times in /etc/apt/sources.list:8 and /etc/apt/sources.list.d/proxmox-installer-temp.list:1
W: Target Contents-deb (pve-no-subscription/Contents-amd64) is configured multiple times in /etc/apt/sources.list:8 and /etc/apt/sources.list.d/proxmox-installer-temp.list:1
W: Target Contents-deb (pve-no-subscription/Contents-i386) is configured multiple times in /etc/apt/sources.list:8 and /etc/apt/sources.list.d/proxmox-installer-temp.list:1
W: Target Contents-deb (pve-no-subscription/Contents-all) is configured multiple times in /etc/apt/sources.list:8 and /etc/apt/sources.list.d/proxmox-installer-temp.list:1
W: Target Packages (pve-no-subscription/binary-amd64/Packages) is configured multiple times in /etc/apt/sources.list:8 and /etc/apt/sources.list.d/proxmox-installer-temp.list:1
W: Target Packages (pve-no-subscription/binary-i386/Packages) is configured multiple times in /etc/apt/sources.list:8 and /etc/apt/sources.list.d/proxmox-installer-temp.list:1
W: Target Packages (pve-no-subscription/binary-all/Packages) is configured multiple times in /etc/apt/sources.list:8 and /etc/apt/sources.list.d/proxmox-installer-temp.list:1
W: Target Translations (pve-no-subscription/i18n/Translation-en_US) is configured multiple times in /etc/apt/sources.list:8 and /etc/apt/sources.list.d/proxmox-installer-temp.list:1
W: Target Translations (pve-no-subscription/i18n/Translation-en) is configured multiple times in /etc/apt/sources.list:8 and /etc/apt/sources.list.d/proxmox-installer-temp.list:1
W: Target Contents-deb (pve-no-subscription/Contents-amd64) is configured multiple times in /etc/apt/sources.list:8 and /etc/apt/sources.list.d/proxmox-installer-temp.list:1
W: Target Contents-deb (pve-no-subscription/Contents-i386) is configured multiple times in /etc/apt/sources.list:8 and /etc/apt/sources.list.d/proxmox-installer-temp.list:1
W: Target Contents-deb (pve-no-subscription/Contents-all) is configured multiple times in /etc/apt/sources.list:8 and /etc/apt/sources.list.d/proxmox-installer-temp.list:1
[INFO]  Attempting to download cryptsetup-bin and its dependencies...
Reading package lists...
Building dependency tree...
Reading state information...
cryptsetup-bin is already the newest version (2:2.6.1-4~deb12u2).
The following packages were automatically installed and are no longer required:
  grub-pc-bin grub2-common
Use 'sudo apt autoremove' to remove them.
0 upgraded, 0 newly installed, 0 to remove and 1 not upgraded.
[INFO]  Successfully processed download for cryptsetup-bin.
[INFO]  Attempting to download cryptsetup-run and its dependencies...
Reading package lists...
Building dependency tree...
Reading state information...
cryptsetup-run is already the newest version (2:2.6.1-4~deb12u2).
The following packages were automatically installed and are no longer required:
  grub-pc-bin grub2-common
Use 'sudo apt autoremove' to remove them.
0 upgraded, 0 newly installed, 0 to remove and 1 not upgraded.
[INFO]  Successfully processed download for cryptsetup-run.
[INFO]  Attempting to download curl and its dependencies...
Reading package lists...
Building dependency tree...
Reading state information...
curl is already the newest version (7.88.1-10+deb12u12).
The following packages were automatically installed and are no longer required:
  grub-pc-bin grub2-common
Use 'sudo apt autoremove' to remove them.
0 upgraded, 0 newly installed, 0 to remove and 1 not upgraded.
[INFO]  Successfully processed download for curl.
[INFO]  Attempting to download debootstrap and its dependencies...
Reading package lists...
Building dependency tree...
Reading state information...
debootstrap is already the newest version (1.0.128+nmu2+deb12u2).
The following packages were automatically installed and are no longer required:
  grub-pc-bin grub2-common
Use 'sudo apt autoremove' to remove them.
0 upgraded, 0 newly installed, 0 to remove and 1 not upgraded.
[INFO]  Successfully processed download for debootstrap.
[INFO]  Attempting to download efibootmgr and its dependencies...
Reading package lists...
Building dependency tree...
Reading state information...
efibootmgr is already the newest version (17-2).
The following packages were automatically installed and are no longer required:
  grub-pc-bin grub2-common
Use 'sudo apt autoremove' to remove them.
0 upgraded, 0 newly installed, 0 to remove and 1 not upgraded.
[INFO]  Successfully processed download for efibootmgr.
[INFO]  Attempting to download gdisk and its dependencies...
Reading package lists...
Building dependency tree...
Reading state information...
gdisk is already the newest version (1.0.9-2.1).
The following packages were automatically installed and are no longer required:
  grub-pc-bin grub2-common
Use 'sudo apt autoremove' to remove them.
0 upgraded, 0 newly installed, 0 to remove and 1 not upgraded.
[INFO]  Successfully processed download for gdisk.
[INFO]  Attempting to download libpam-yubico and its dependencies...
Reading package lists...
Building dependency tree...
Reading state information...
libpam-yubico is already the newest version (2.26-1.1+b1).
The following packages were automatically installed and are no longer required:
  grub-pc-bin grub2-common
Use 'sudo apt autoremove' to remove them.
0 upgraded, 0 newly installed, 0 to remove and 1 not upgraded.
[INFO]  Successfully processed download for libpam-yubico.
[INFO]  Attempting to download libykpers-1-1 and its dependencies...
Reading package lists...
Building dependency tree...
Reading state information...
libykpers-1-1 is already the newest version (1.20.0-3).
The following packages were automatically installed and are no longer required:
  grub-pc-bin grub2-common
Use 'sudo apt autoremove' to remove them.
0 upgraded, 0 newly installed, 0 to remove and 1 not upgraded.
[INFO]  Successfully processed download for libykpers-1-1.
[INFO]  Attempting to download libyubikey0 and its dependencies...
Reading package lists...
Building dependency tree...
Reading state information...
libyubikey0 is already the newest version (1.13-6).
The following packages were automatically installed and are no longer required:
  grub-pc-bin grub2-common
Use 'sudo apt autoremove' to remove them.
0 upgraded, 0 newly installed, 0 to remove and 1 not upgraded.
[INFO]  Successfully processed download for libyubikey0.
[INFO]  Attempting to download libyubikey-udev and its dependencies...
Reading package lists...
Building dependency tree...
Reading state information...
libyubikey-udev is already the newest version (1.20.0-3).
The following packages were automatically installed and are no longer required:
  grub-pc-bin grub2-common
Use 'sudo apt autoremove' to remove them.
0 upgraded, 0 newly installed, 0 to remove and 1 not upgraded.
[INFO]  Successfully processed download for libyubikey-udev.
[INFO]  Attempting to download open-iscsi and its dependencies...
Reading package lists...
Building dependency tree...
Reading state information...
open-iscsi is already the newest version (2.1.8-1.pve1).
The following packages were automatically installed and are no longer required:
  grub-pc-bin grub2-common
Use 'sudo apt autoremove' to remove them.
0 upgraded, 0 newly installed, 0 to remove and 1 not upgraded.
[INFO]  Successfully processed download for open-iscsi.
[INFO]  Attempting to download pcscd and its dependencies...
Reading package lists...
Building dependency tree...
Reading state information...
pcscd is already the newest version (1.9.9-2).
The following packages were automatically installed and are no longer required:
  grub-pc-bin grub2-common
Use 'sudo apt autoremove' to remove them.
0 upgraded, 0 newly installed, 0 to remove and 1 not upgraded.
[INFO]  Successfully processed download for pcscd.
[INFO]  Attempting to download postfix and its dependencies...
Reading package lists...
Building dependency tree...
Reading state information...
postfix is already the newest version (3.7.11-0+deb12u1).
The following packages were automatically installed and are no longer required:
  grub-pc-bin grub2-common
Use 'sudo apt autoremove' to remove them.
0 upgraded, 0 newly installed, 0 to remove and 1 not upgraded.
[INFO]  Successfully processed download for postfix.
[INFO]  Attempting to download pv and its dependencies...
Reading package lists...
Building dependency tree...
Reading state information...
pv is already the newest version (1.6.20-1).
The following packages were automatically installed and are no longer required:
  grub-pc-bin grub2-common
Use 'sudo apt autoremove' to remove them.
0 upgraded, 0 newly installed, 0 to remove and 1 not upgraded.
[INFO]  Successfully processed download for pv.
[INFO]  Attempting to download python3-click and its dependencies...
Reading package lists...
Building dependency tree...
Reading state information...
python3-click is already the newest version (8.1.3-2).
The following packages were automatically installed and are no longer required:
  grub-pc-bin grub2-common
Use 'sudo apt autoremove' to remove them.
0 upgraded, 0 newly installed, 0 to remove and 1 not upgraded.
[INFO]  Successfully processed download for python3-click.
[INFO]  Attempting to download python3-cryptography and its dependencies...
Reading package lists...
Building dependency tree...
Reading state information...
python3-cryptography is already the newest version (38.0.4-3+deb12u1).
The following packages were automatically installed and are no longer required:
  grub-pc-bin grub2-common
Use 'sudo apt autoremove' to remove them.
0 upgraded, 0 newly installed, 0 to remove and 1 not upgraded.
[INFO]  Successfully processed download for python3-cryptography.
[INFO]  Attempting to download python3-fido2 and its dependencies...
Reading package lists...
Building dependency tree...
Reading state information...
python3-fido2 is already the newest version (0.9.1-1).
The following packages were automatically installed and are no longer required:
  grub-pc-bin grub2-common
Use 'sudo apt autoremove' to remove them.
0 upgraded, 0 newly installed, 0 to remove and 1 not upgraded.
[INFO]  Successfully processed download for python3-fido2.
[INFO]  Attempting to download python3-full and its dependencies...
Reading package lists...
Building dependency tree...
Reading state information...
python3-full is already the newest version (3.11.2-1+b1).
The following packages were automatically installed and are no longer required:
  grub-pc-bin grub2-common
Use 'sudo apt autoremove' to remove them.
0 upgraded, 0 newly installed, 0 to remove and 1 not upgraded.
[INFO]  Successfully processed download for python3-full.
[INFO]  Attempting to download python3-ykman and its dependencies...
Reading package lists...
Building dependency tree...
Reading state information...
python3-ykman is already the newest version (4.0.9-1).
The following packages were automatically installed and are no longer required:
  grub-pc-bin grub2-common
Use 'sudo apt autoremove' to remove them.
0 upgraded, 0 newly installed, 0 to remove and 1 not upgraded.
[INFO]  Successfully processed download for python3-ykman.
[INFO]  Attempting to download rsync and its dependencies...
Reading package lists...
Building dependency tree...
Reading state information...
rsync is already the newest version (3.2.7-1+deb12u2).
The following packages were automatically installed and are no longer required:
  grub-pc-bin grub2-common
Use 'sudo apt autoremove' to remove them.
0 upgraded, 0 newly installed, 0 to remove and 1 not upgraded.
[INFO]  Successfully processed download for rsync.
[INFO]  Attempting to download usbutils and its dependencies...
Reading package lists...
Building dependency tree...
Reading state information...
usbutils is already the newest version (1:014-1+deb12u1).
The following packages were automatically installed and are no longer required:
  grub-pc-bin grub2-common
Use 'sudo apt autoremove' to remove them.
0 upgraded, 0 newly installed, 0 to remove and 1 not upgraded.
[INFO]  Successfully processed download for usbutils.
[INFO]  Attempting to download wget and its dependencies...
Reading package lists...
Building dependency tree...
Reading state information...
wget is already the newest version (1.21.3-1+deb12u1).
The following packages were automatically installed and are no longer required:
  grub-pc-bin grub2-common
Use 'sudo apt autoremove' to remove them.
0 upgraded, 0 newly installed, 0 to remove and 1 not upgraded.
[INFO]  Successfully processed download for wget.
[INFO]  Attempting to download ykcs11 and its dependencies...
Reading package lists...
Building dependency tree...
Reading state information...
ykcs11 is already the newest version (2.2.0-1.1).
The following packages were automatically installed and are no longer required:
  grub-pc-bin grub2-common
Use 'sudo apt autoremove' to remove them.
0 upgraded, 0 newly installed, 0 to remove and 1 not upgraded.
[INFO]  Successfully processed download for ykcs11.
[INFO]  Attempting to download yubikey-luks and its dependencies...
Reading package lists...
Building dependency tree...
Reading state information...
yubikey-luks is already the newest version (0.5.1+29.g5df2b95-6.1).
The following packages were automatically installed and are no longer required:
  grub-pc-bin grub2-common
Use 'sudo apt autoremove' to remove them.
0 upgraded, 0 newly installed, 0 to remove and 1 not upgraded.
[INFO]  Successfully processed download for yubikey-luks.
[INFO]  Attempting to download yubikey-manager and its dependencies...
Reading package lists...
Building dependency tree...
Reading state information...
yubikey-manager is already the newest version (4.0.9-1).
The following packages were automatically installed and are no longer required:
  grub-pc-bin grub2-common
Use 'sudo apt autoremove' to remove them.
0 upgraded, 0 newly installed, 0 to remove and 1 not upgraded.
[INFO]  Successfully processed download for yubikey-manager.
[INFO]  Attempting to download yubikey-personalization and its dependencies...
Reading package lists...
Building dependency tree...
Reading state information...
yubikey-personalization is already the newest version (1.20.0-3).
The following packages were automatically installed and are no longer required:
  grub-pc-bin grub2-common
Use 'sudo apt autoremove' to remove them.
0 upgraded, 0 newly installed, 0 to remove and 1 not upgraded.
[INFO]  Successfully processed download for yubikey-personalization.
[INFO]  Offline cache now contains 5 files in /home/demo/Documents/LUKS2-ON-PROXMOX-ZFS-Native/debs
[DEBUG] Exiting function: prepare_installer_debs
[DEBUG] Cleaning up temporary APT configuration files...
[DEBUG] Removed temporary Proxmox sources file: /etc/apt/sources.list.d/proxmox-installer-temp.list
[DEBUG] Removed temporary Proxmox GPG key: /etc/apt/trusted.gpg.d/proxmox-installer-temp-key.gpg
[DEBUG] Removed temporary Proxmox preferences file: /etc/apt/preferences.d/proxmox-installer-temp.pref
[INFO]  Temporary APT files removed. Running apt-get update to refresh state...
Hit:1 http://security.debian.org/debian-security bookworm-security InRelease
Hit:2 http://ftp.debian.org/debian bookworm InRelease
Hit:3 http://download.proxmox.com/debian/pve bookworm InRelease
Hit:4 http://ftp.debian.org/debian bookworm-updates InRelease
Err:3 http://download.proxmox.com/debian/pve bookworm InRelease
  The following signatures couldn't be verified because the public key is not available: NO_PUBKEY 1140AF8F639E0C39
Reading package lists...
W: An error occurred during the signature verification. The repository is not updated and the previous index files will be used. GPG error: http://download.proxmox.com/debian/pve bookworm InRelease: The following signatures couldn't be verified because the public key is not available: NO_PUBKEY 1140AF8F639E0C39
W: Failed to fetch http://download.proxmox.com/debian/pve/dists/bookworm/InRelease  The following signatures couldn't be verified because the public key is not available: NO_PUBKEY 1140AF8F639E0C39
W: Some index files failed to download. They have been ignored, or old ones used instead.
[INFO][2025-06-09 08:01:22] Package management: Forcing PROXMOX_ZFS_DETECTED=true to always skip GRUB and core ZFS packages
[INFO][2025-06-09 08:01:22] Proxmox environment detected. Adjusting BASE_PACKAGES to exclude GRUB.
[INFO][2025-06-09 08:01:22] Proxmox environment detected. ZFS packages will be managed by Proxmox.
[DEBUG] Entering function: prepare_installer_debs
[DEBUG] Exiting function: prepare_installer_debs
[INFO][2025-06-09 08:01:33] Package management: Forcing PROXMOX_ZFS_DETECTED=true to always skip GRUB and core ZFS packages
[INFO][2025-06-09 08:01:33] Proxmox environment detected. Adjusting BASE_PACKAGES to exclude GRUB.
[INFO][2025-06-09 08:01:33] Proxmox environment detected. ZFS packages will be managed by Proxmox.
[DEBUG] Entering function: prepare_installer_debs
[DEBUG] Exiting function: prepare_installer_debs
